Prod224_2602_09320237_20250331.html — [Errno 22] Invalid argument
Prod224_2602_10678222_20250531.html — time data '25-february--2026' does not match format '%d-%b-%y'
Prod224_2602_11032605_20250531.html — [Errno 22] Invalid argument
Prod224_2602_11384830_20250531.html — time data '20-february--2026' does not match format '%d-%b-%y'
Prod224_2602_12012981_20250531.html — [Errno 22] Invalid argument
Prod224_2602_14423635_20251031.html — [Errno 22] Invalid argument
Prod224_2602_14576376_20260131.html — time data '05\xa0february\xa02026' does not match format '%d-%b-%y'
Prod224_2602_14846931_20250531.html — [Errno 22] Invalid argument
Prod224_2602_15526738_20250228.html — [Errno 22] Invalid argument
Prod224_2602_15616551_20250331.html — [Errno 22] Invalid argument
Prod224_2602_15659728_20250331.html — [Errno 22] Invalid argument
Prod224_2602_15666051_20250430.html — [Errno 22] Invalid argument
Prod224_2602_15699144_20250531.html — [Errno 22] Invalid argument
Prod224_2602_15704573_20251031.html — [Errno 22] Invalid argument
Prod224_2602_15725353_20250531.html — [Errno 22] Invalid argument
Prod224_2602_15725833_20250831.html — [Errno 22] Invalid argument
Prod224_2602_15728257_20250531.html — [Errno 22] Invalid argument
Prod224_2602_15733362_20250531.html — [Errno 22] Invalid argument
Prod224_2602_15739605_20250531.html — [Errno 22] Invalid argument
Prod224_2602_15740381_20250531.html — [Errno 22] Invalid argument
Prod224_2602_15746861_20250531.html — [Errno 22] Invalid argument
Prod224_2602_15747696_20250531.html — [Errno 22] Invalid argument
Prod224_2602_15752359_20250531.html — [Errno 22] Invalid argument
Prod224_2602_15757000_20250630.html — [Errno 22] Invalid argument
Prod224_2602_15803662_20250630.html — [Errno 22] Invalid argument
Prod224_2602_15811641_20251231.html — [Errno 22] Invalid argument
Prod224_2602_15898265_20250831.html — [Errno 22] Invalid argument
Prod224_2602_15966880_20250930.html — [Errno 22] Invalid argument
Prod224_2602_16056604_20251031.html — [Errno 22] Invalid argument
Prod224_2602_16096062_20251130.html — [Errno 22] Invalid argument
Prod224_2602_16163818_20260131.html — [Errno 22] Invalid argument
Prod224_2602_16637056_20251231.html — time data '31\xa0december\xa02025' does not match format '%d-%b-%y'
Prod224_2602_OC442353_20250531.html — [Errno 22] Invalid argument
Prod224_2602_OC450913_20250331.html — [Errno 22] Invalid argument
Prod224_2602_SC400254_20250531.html — [Errno 22] Invalid argument
Prod224_2602_SC810455_20250531.html — [Errno 22] Invalid argument
Prod224_2602_SC812079_20250531.html — [Errno 22] Invalid argument